<?xml version="1.0" encoding="UTF-8"?>
<!-- Generated by org.testng.reporters.JUnitReportReporter -->
<testsuite hostname="FEYE-EMP579934" name="revolutionit.NswLocationSearch" tests="1" failures="0" timestamp="27 Aug 2019 19:16:58 GMT" time="10.469" errors="0">
  <testcase name="findMyLocation" time="10.469" classname="revolutionit.NswLocationSearch"/>
</testsuite> <!-- revolutionit.NswLocationSearch -->
